This is pdfTeX, Version 3.141592653-2.6-1.40.27 (MiKTeX 25.4) (preloaded format=pdflatex 2025.9.5)  6 APR 2026 17:32
entering extended mode
 restricted \write18 enabled.
 %&-line parsing enabled.
**./Deck.tex
(Deck.tex
LaTeX2e <2025-06-01> patch level 1
L3 programming layer <2025-08-13>
(C:\Users\chait\AppData\Local\Programs\MiKTeX\tex/latex/beamer\beamer.cls
Document Class: beamer 2025/08/13 v3.76 A class for typesetting presentations

(C:\Users\chait\AppData\Local\Programs\MiKTeX\tex/latex/beamer\beamerbasemodes.
sty
(C:\Users\chait\AppData\Local\Programs\MiKTeX\tex/latex/etoolbox\etoolbox.sty
Package: etoolbox 2025/02/11 v2.5l e-TeX tools for LaTeX (JAW)
\etb@tempcnta=\count275
)
\beamer@tempbox=\box53
\beamer@tempcount=\count276
\c@beamerpauses=\count277

(C:\Users\chait\AppData\Local\Programs\MiKTeX\tex/latex/beamer\beamerbasedecode
.sty
\beamer@slideinframe=\count278
\beamer@minimum=\count279
\beamer@decode@box=\box54
)
\beamer@commentbox=\box55
\beamer@modecount=\count280
)
(C:\Users\chait\AppData\Local\Programs\MiKTeX\tex/generic/iftex\iftex.sty
Package: iftex 2024/12/12 v1.0g TeX engine tests
)
\headdp=\dimen148
\footheight=\dimen149
\sidebarheight=\dimen150
\beamer@tempdim=\dimen151
\beamer@finalheight=\dimen152
\beamer@animht=\dimen153
\beamer@animdp=\dimen154
\beamer@animwd=\dimen155
\beamer@leftmargin=\dimen156
\beamer@rightmargin=\dimen157
\beamer@leftsidebar=\dimen158
\beamer@rightsidebar=\dimen159
\beamer@boxsize=\dimen160
\beamer@vboxoffset=\dimen161
\beamer@descdefault=\dimen162
\beamer@descriptionwidth=\dimen163
\beamer@lastskip=\skip49
\beamer@areabox=\box56
\beamer@animcurrent=\box57
\beamer@animshowbox=\box58
\beamer@sectionbox=\box59
\beamer@logobox=\box60
\beamer@linebox=\box61
\beamer@sectioncount=\count281
\beamer@subsubsectionmax=\count282
\beamer@subsectionmax=\count283
\beamer@sectionmax=\count284
\beamer@totalheads=\count285
\beamer@headcounter=\count286
\beamer@partstartpage=\count287
\beamer@sectionstartpage=\count288
\beamer@subsectionstartpage=\count289
\beamer@animationtempa=\count290
\beamer@animationtempb=\count291
\beamer@xpos=\count292
\beamer@ypos=\count293
\beamer@ypos@offset=\count294
\beamer@showpartnumber=\count295
\beamer@currentsubsection=\count296
\beamer@coveringdepth=\count297
\beamer@sectionadjust=\count298
\beamer@toclastsection=\count299
\beamer@tocsectionnumber=\count300

(C:\Users\chait\AppData\Local\Programs\MiKTeX\tex/latex/beamer\beamerbaseoption
s.sty
(C:\Users\chait\AppData\Local\Programs\MiKTeX\tex/latex/graphics\keyval.sty
Package: keyval 2022/05/29 v1.15 key=value parser (DPC)
\KV@toks@=\toks17
))
\beamer@paperwidth=\skip50
\beamer@paperheight=\skip51

(C:\Users\chait\AppData\Local\Programs\MiKTeX\tex/latex/geometry\geometry.sty
Package: geometry 2020/01/02 v5.9 Page Geometry

(C:\Users\chait\AppData\Local\Programs\MiKTeX\tex/generic/iftex\ifvtex.sty
Package: ifvtex 2019/10/25 v1.7 ifvtex legacy package. Use iftex instead.
)
\Gm@cnth=\count301
\Gm@cntv=\count302
\c@Gm@tempcnt=\count303
\Gm@bindingoffset=\dimen164
\Gm@wd@mp=\dimen165
\Gm@odd@mp=\dimen166
\Gm@even@mp=\dimen167
\Gm@layoutwidth=\dimen168
\Gm@layoutheight=\dimen169
\Gm@layouthoffset=\dimen170
\Gm@layoutvoffset=\dimen171
\Gm@dimlist=\toks18

(C:\Users\chait\AppData\Local\Programs\MiKTeX\tex/latex/geometry\geometry.cfg))
(C:\Users\chait\AppData\Local\Programs\MiKTeX\tex/latex/pgf/math\pgfmath.sty
(C:\Users\chait\AppData\Local\Programs\MiKTeX\tex/latex/pgf/utilities\pgfrcs.st
y
(C:\Users\chait\AppData\Local\Programs\MiKTeX\tex/generic/pgf/utilities\pgfutil
-common.tex
\pgfutil@everybye=\toks19
\pgfutil@tempdima=\dimen172
\pgfutil@tempdimb=\dimen173
)
(C:\Users\chait\AppData\Local\Programs\MiKTeX\tex/generic/pgf/utilities\pgfutil
-latex.def
\pgfutil@abb=\box62
)
(C:\Users\chait\AppData\Local\Programs\MiKTeX\tex/generic/pgf/utilities\pgfrcs.
code.tex
(C:\Users\chait\AppData\Local\Programs\MiKTeX\tex/generic/pgf\pgf.revision.tex)
Package: pgfrcs 2025-08-29 v3.1.11a (3.1.11a)
))
(C:\Users\chait\AppData\Local\Programs\MiKTeX\tex/latex/pgf/utilities\pgfkeys.s
ty
(C:\Users\chait\AppData\Local\Programs\MiKTeX\tex/generic/pgf/utilities\pgfkeys
.code.tex
\pgfkeys@pathtoks=\toks20
\pgfkeys@temptoks=\toks21

(C:\Users\chait\AppData\Local\Programs\MiKTeX\tex/generic/pgf/utilities\pgfkeys
libraryfiltered.code.tex
\pgfkeys@tmptoks=\toks22
)))
(C:\Users\chait\AppData\Local\Programs\MiKTeX\tex/generic/pgf/math\pgfmath.code
.tex
(C:\Users\chait\AppData\Local\Programs\MiKTeX\tex/generic/pgf/math\pgfmathutil.
code.tex
\pgf@x=\dimen174
\pgf@xa=\dimen175
\pgf@xb=\dimen176
\pgf@xc=\dimen177
\pgf@y=\dimen178
\pgf@ya=\dimen179
\pgf@yb=\dimen180
\pgf@yc=\dimen181
\c@pgf@counta=\count304
\c@pgf@countb=\count305
\c@pgf@countc=\count306
\c@pgf@countd=\count307
)
(C:\Users\chait\AppData\Local\Programs\MiKTeX\tex/generic/pgf/math\pgfmathparse
r.code.tex
\pgfmath@dimen=\dimen182
\pgfmath@count=\count308
\pgfmath@box=\box63
\pgfmath@toks=\toks23
\pgfmath@stack@operand=\toks24
\pgfmath@stack@operation=\toks25
)
(C:\Users\chait\AppData\Local\Programs\MiKTeX\tex/generic/pgf/math\pgfmathfunct
ions.code.tex)
(C:\Users\chait\AppData\Local\Programs\MiKTeX\tex/generic/pgf/math\pgfmathfunct
ions.basic.code.tex)
(C:\Users\chait\AppData\Local\Programs\MiKTeX\tex/generic/pgf/math\pgfmathfunct
ions.trigonometric.code.tex)
(C:\Users\chait\AppData\Local\Programs\MiKTeX\tex/generic/pgf/math\pgfmathfunct
ions.random.code.tex)
(C:\Users\chait\AppData\Local\Programs\MiKTeX\tex/generic/pgf/math\pgfmathfunct
ions.comparison.code.tex)
(C:\Users\chait\AppData\Local\Programs\MiKTeX\tex/generic/pgf/math\pgfmathfunct
ions.base.code.tex)
(C:\Users\chait\AppData\Local\Programs\MiKTeX\tex/generic/pgf/math\pgfmathfunct
ions.round.code.tex)
(C:\Users\chait\AppData\Local\Programs\MiKTeX\tex/generic/pgf/math\pgfmathfunct
ions.misc.code.tex)
(C:\Users\chait\AppData\Local\Programs\MiKTeX\tex/generic/pgf/math\pgfmathfunct
ions.integerarithmetics.code.tex)
(C:\Users\chait\AppData\Local\Programs\MiKTeX\tex/generic/pgf/math\pgfmathcalc.
code.tex)
(C:\Users\chait\AppData\Local\Programs\MiKTeX\tex/generic/pgf/math\pgfmathfloat
.code.tex
\c@pgfmathroundto@lastzeros=\count309
)))
(C:\Users\chait\AppData\Local\Programs\MiKTeX\tex/latex/base\size11.clo
File: size11.clo 2025/01/22 v1.4n Standard LaTeX file (size option)
)
(C:\Users\chait\AppData\Local\Programs\MiKTeX\tex/latex/pgf/basiclayer\pgfcore.
sty
(C:\Users\chait\AppData\Local\Programs\MiKTeX\tex/latex/graphics\graphicx.sty
Package: graphicx 2024/12/31 v1.2e Enhanced LaTeX Graphics (DPC,SPQR)

(C:\Users\chait\AppData\Local\Programs\MiKTeX\tex/latex/graphics\graphics.sty
Package: graphics 2024/08/06 v1.4g Standard LaTeX Graphics (DPC,SPQR)

(C:\Users\chait\AppData\Local\Programs\MiKTeX\tex/latex/graphics\trig.sty
Package: trig 2023/12/02 v1.11 sin cos tan (DPC)
)
(C:\Users\chait\AppData\Local\Programs\MiKTeX\tex/latex/graphics-cfg\graphics.c
fg
File: graphics.cfg 2016/06/04 v1.11 sample graphics configuration
)
Package graphics Info: Driver file: pdftex.def on input line 106.

(C:\Users\chait\AppData\Local\Programs\MiKTeX\tex/latex/graphics-def\pdftex.def
File: pdftex.def 2024/04/13 v1.2c Graphics/color driver for pdftex
))
\Gin@req@height=\dimen183
\Gin@req@width=\dimen184
)
(C:\Users\chait\AppData\Local\Programs\MiKTeX\tex/latex/pgf/systemlayer\pgfsys.
sty
(C:\Users\chait\AppData\Local\Programs\MiKTeX\tex/generic/pgf/systemlayer\pgfsy
s.code.tex
Package: pgfsys 2025-08-29 v3.1.11a (3.1.11a)
\pgf@x=\dimen185
\pgf@y=\dimen186
\pgf@xa=\dimen187
\pgf@ya=\dimen188
\pgf@xb=\dimen189
\pgf@yb=\dimen190
\pgf@xc=\dimen191
\pgf@yc=\dimen192
\pgf@xd=\dimen193
\pgf@yd=\dimen194
\w@pgf@writea=\write3
\r@pgf@reada=\read2
\c@pgf@counta=\count310
\c@pgf@countb=\count311
\c@pgf@countc=\count312
\c@pgf@countd=\count313
\t@pgf@toka=\toks26
\t@pgf@tokb=\toks27
\t@pgf@tokc=\toks28
\pgf@sys@id@count=\count314

(C:\Users\chait\AppData\Local\Programs\MiKTeX\tex/generic/pgf/systemlayer\pgf.c
fg
File: pgf.cfg 2025-08-29 v3.1.11a (3.1.11a)
)
Driver file for pgf: pgfsys-pdftex.def

(C:\Users\chait\AppData\Local\Programs\MiKTeX\tex/generic/pgf/systemlayer\pgfsy
s-pdftex.def
File: pgfsys-pdftex.def 2025-08-29 v3.1.11a (3.1.11a)

(C:\Users\chait\AppData\Local\Programs\MiKTeX\tex/generic/pgf/systemlayer\pgfsy
s-common-pdf.def
File: pgfsys-common-pdf.def 2025-08-29 v3.1.11a (3.1.11a)
)))
(C:\Users\chait\AppData\Local\Programs\MiKTeX\tex/generic/pgf/systemlayer\pgfsy
ssoftpath.code.tex
File: pgfsyssoftpath.code.tex 2025-08-29 v3.1.11a (3.1.11a)
\pgfsyssoftpath@smallbuffer@items=\count315
\pgfsyssoftpath@bigbuffer@items=\count316
)
(C:\Users\chait\AppData\Local\Programs\MiKTeX\tex/generic/pgf/systemlayer\pgfsy
sprotocol.code.tex
File: pgfsysprotocol.code.tex 2025-08-29 v3.1.11a (3.1.11a)
))
(C:\Users\chait\AppData\Local\Programs\MiKTeX\tex/latex/xcolor\xcolor.sty
Package: xcolor 2024/09/29 v3.02 LaTeX color extensions (UK)

(C:\Users\chait\AppData\Local\Programs\MiKTeX\tex/latex/graphics-cfg\color.cfg
File: color.cfg 2016/01/02 v1.6 sample color configuration
)
Package xcolor Info: Driver file: pdftex.def on input line 274.
(C:\Users\chait\AppData\Local\Programs\MiKTeX\tex/latex/graphics\mathcolor.ltx)
Package xcolor Info: Model `cmy' substituted by `cmy0' on input line 1349.
Package xcolor Info: Model `hsb' substituted by `rgb' on input line 1353.
Package xcolor Info: Model `RGB' extended on input line 1365.
Package xcolor Info: Model `HTML' substituted by `rgb' on input line 1367.
Package xcolor Info: Model `Hsb' substituted by `hsb' on input line 1368.
Package xcolor Info: Model `tHsb' substituted by `hsb' on input line 1369.
Package xcolor Info: Model `HSB' substituted by `hsb' on input line 1370.
Package xcolor Info: Model `Gray' substituted by `gray' on input line 1371.
Package xcolor Info: Model `wave' substituted by `hsb' on input line 1372.
)
(C:\Users\chait\AppData\Local\Programs\MiKTeX\tex/generic/pgf/basiclayer\pgfcor
e.code.tex
Package: pgfcore 2025-08-29 v3.1.11a (3.1.11a)

(C:\Users\chait\AppData\Local\Programs\MiKTeX\tex/generic/pgf/math\pgfint.code.
tex)
(C:\Users\chait\AppData\Local\Programs\MiKTeX\tex/generic/pgf/basiclayer\pgfcor
epoints.code.tex
File: pgfcorepoints.code.tex 2025-08-29 v3.1.11a (3.1.11a)
\pgf@picminx=\dimen195
\pgf@picmaxx=\dimen196
\pgf@picminy=\dimen197
\pgf@picmaxy=\dimen198
\pgf@pathminx=\dimen199
\pgf@pathmaxx=\dimen256
\pgf@pathminy=\dimen257
\pgf@pathmaxy=\dimen258
\pgf@xx=\dimen259
\pgf@xy=\dimen260
\pgf@yx=\dimen261
\pgf@yy=\dimen262
\pgf@zx=\dimen263
\pgf@zy=\dimen264
)
(C:\Users\chait\AppData\Local\Programs\MiKTeX\tex/generic/pgf/basiclayer\pgfcor
epathconstruct.code.tex
File: pgfcorepathconstruct.code.tex 2025-08-29 v3.1.11a (3.1.11a)
\pgf@path@lastx=\dimen265
\pgf@path@lasty=\dimen266
)
(C:\Users\chait\AppData\Local\Programs\MiKTeX\tex/generic/pgf/basiclayer\pgfcor
epathusage.code.tex
File: pgfcorepathusage.code.tex 2025-08-29 v3.1.11a (3.1.11a)
\pgf@shorten@end@additional=\dimen267
\pgf@shorten@start@additional=\dimen268
)
(C:\Users\chait\AppData\Local\Programs\MiKTeX\tex/generic/pgf/basiclayer\pgfcor
escopes.code.tex
File: pgfcorescopes.code.tex 2025-08-29 v3.1.11a (3.1.11a)
\pgfpic=\box64
\pgf@hbox=\box65
\pgf@layerbox@main=\box66
\pgf@picture@serial@count=\count317
)
(C:\Users\chait\AppData\Local\Programs\MiKTeX\tex/generic/pgf/basiclayer\pgfcor
egraphicstate.code.tex
File: pgfcoregraphicstate.code.tex 2025-08-29 v3.1.11a (3.1.11a)
\pgflinewidth=\dimen269
)
(C:\Users\chait\AppData\Local\Programs\MiKTeX\tex/generic/pgf/basiclayer\pgfcor
etransformations.code.tex
File: pgfcoretransformations.code.tex 2025-08-29 v3.1.11a (3.1.11a)
\pgf@pt@x=\dimen270
\pgf@pt@y=\dimen271
\pgf@pt@temp=\dimen272
)
(C:\Users\chait\AppData\Local\Programs\MiKTeX\tex/generic/pgf/basiclayer\pgfcor
equick.code.tex
File: pgfcorequick.code.tex 2025-08-29 v3.1.11a (3.1.11a)
)
(C:\Users\chait\AppData\Local\Programs\MiKTeX\tex/generic/pgf/basiclayer\pgfcor
eobjects.code.tex
File: pgfcoreobjects.code.tex 2025-08-29 v3.1.11a (3.1.11a)
)
(C:\Users\chait\AppData\Local\Programs\MiKTeX\tex/generic/pgf/basiclayer\pgfcor
epathprocessing.code.tex
File: pgfcorepathprocessing.code.tex 2025-08-29 v3.1.11a (3.1.11a)
)
(C:\Users\chait\AppData\Local\Programs\MiKTeX\tex/generic/pgf/basiclayer\pgfcor
earrows.code.tex
File: pgfcorearrows.code.tex 2025-08-29 v3.1.11a (3.1.11a)
\pgfarrowsep=\dimen273
)
(C:\Users\chait\AppData\Local\Programs\MiKTeX\tex/generic/pgf/basiclayer\pgfcor
eshade.code.tex
File: pgfcoreshade.code.tex 2025-08-29 v3.1.11a (3.1.11a)
\pgf@max=\dimen274
\pgf@sys@shading@range@num=\count318
\pgf@shadingcount=\count319
)
(C:\Users\chait\AppData\Local\Programs\MiKTeX\tex/generic/pgf/basiclayer\pgfcor
eimage.code.tex
File: pgfcoreimage.code.tex 2025-08-29 v3.1.11a (3.1.11a)
)
(C:\Users\chait\AppData\Local\Programs\MiKTeX\tex/generic/pgf/basiclayer\pgfcor
eexternal.code.tex
File: pgfcoreexternal.code.tex 2025-08-29 v3.1.11a (3.1.11a)
\pgfexternal@startupbox=\box67
)
(C:\Users\chait\AppData\Local\Programs\MiKTeX\tex/generic/pgf/basiclayer\pgfcor
elayers.code.tex
File: pgfcorelayers.code.tex 2025-08-29 v3.1.11a (3.1.11a)
)
(C:\Users\chait\AppData\Local\Programs\MiKTeX\tex/generic/pgf/basiclayer\pgfcor
etransparency.code.tex
File: pgfcoretransparency.code.tex 2025-08-29 v3.1.11a (3.1.11a)
)
(C:\Users\chait\AppData\Local\Programs\MiKTeX\tex/generic/pgf/basiclayer\pgfcor
epatterns.code.tex
File: pgfcorepatterns.code.tex 2025-08-29 v3.1.11a (3.1.11a)
)
(C:\Users\chait\AppData\Local\Programs\MiKTeX\tex/generic/pgf/basiclayer\pgfcor
erdf.code.tex
File: pgfcorerdf.code.tex 2025-08-29 v3.1.11a (3.1.11a)
)))
(C:\Users\chait\AppData\Local\Programs\MiKTeX\tex/latex/pgf/utilities\xxcolor.s
ty
Package: xxcolor 2003/10/24 ver 0.1
\XC@nummixins=\count320
\XC@countmixins=\count321
)
(C:\Users\chait\AppData\Local\Programs\MiKTeX\tex/latex/base\atbegshi-ltx.sty
Package: atbegshi-ltx 2021/01/10 v1.0c Emulation of the original atbegshi
package with kernel methods
)
(C:\Users\chait\AppData\Local\Programs\MiKTeX\tex/latex/hyperref\hyperref.sty
Package: hyperref 2025-07-12 v7.01o Hypertext links for LaTeX

(C:\Users\chait\AppData\Local\Programs\MiKTeX\tex/latex/kvsetkeys\kvsetkeys.sty
Package: kvsetkeys 2022-10-05 v1.19 Key value parser (HO)
)
(C:\Users\chait\AppData\Local\Programs\MiKTeX\tex/generic/kvdefinekeys\kvdefine
keys.sty
Package: kvdefinekeys 2019-12-19 v1.6 Define keys (HO)
)
(C:\Users\chait\AppData\Local\Programs\MiKTeX\tex/generic/pdfescape\pdfescape.s
ty
Package: pdfescape 2019/12/09 v1.15 Implements pdfTeX's escape features (HO)

(C:\Users\chait\AppData\Local\Programs\MiKTeX\tex/generic/ltxcmds\ltxcmds.sty
Package: ltxcmds 2023-12-04 v1.26 LaTeX kernel commands for general use (HO)
)
(C:\Users\chait\AppData\Local\Programs\MiKTeX\tex/generic/pdftexcmds\pdftexcmds
.sty
Package: pdftexcmds 2020-06-27 v0.33 Utility functions of pdfTeX for LuaTeX (HO
)

(C:\Users\chait\AppData\Local\Programs\MiKTeX\tex/generic/infwarerr\infwarerr.s
ty
Package: infwarerr 2019/12/03 v1.5 Providing info/warning/error messages (HO)
)
Package pdftexcmds Info: \pdf@primitive is available.
Package pdftexcmds Info: \pdf@ifprimitive is available.
Package pdftexcmds Info: \pdfdraftmode found.
))
(C:\Users\chait\AppData\Local\Programs\MiKTeX\tex/latex/hycolor\hycolor.sty
Package: hycolor 2020-01-27 v1.10 Color options for hyperref/bookmark (HO)
)
(C:\Users\chait\AppData\Local\Programs\MiKTeX\tex/latex/hyperref\nameref.sty
Package: nameref 2025-06-21 v2.57 Cross-referencing by name of section

(C:\Users\chait\AppData\Local\Programs\MiKTeX\tex/latex/refcount\refcount.sty
Package: refcount 2019/12/15 v3.6 Data extraction from label references (HO)
)
(C:\Users\chait\AppData\Local\Programs\MiKTeX\tex/generic/gettitlestring\gettit
lestring.sty
Package: gettitlestring 2019/12/15 v1.6 Cleanup title references (HO)

(C:\Users\chait\AppData\Local\Programs\MiKTeX\tex/latex/kvoptions\kvoptions.sty
Package: kvoptions 2022-06-15 v3.15 Key value format for package options (HO)
))
\c@section@level=\count322
)
(C:\Users\chait\AppData\Local\Programs\MiKTeX\tex/generic/stringenc\stringenc.s
ty
Package: stringenc 2019/11/29 v1.12 Convert strings between diff. encodings (HO
)
)
\@linkdim=\dimen275
\Hy@linkcounter=\count323
\Hy@pagecounter=\count324
 (C:\Users\chait\AppData\Local\Programs\MiKTeX\tex/latex/hyperref\pd1enc.def
File: pd1enc.def 2025-07-12 v7.01o Hyperref: PDFDocEncoding definition (HO)
Now handling font encoding PD1 ...
... no UTF-8 mapping file for font encoding PD1
) (C:\Users\chait\AppData\Local\Programs\MiKTeX\tex/generic/intcalc\intcalc.sty
Package: intcalc 2019/12/15 v1.3 Expandable calculations with integers (HO)
)
\Hy@SavedSpaceFactor=\count325
 (C:\Users\chait\AppData\Local\Programs\MiKTeX\tex/latex/hyperref\puenc.def
File: puenc.def 2025-07-12 v7.01o Hyperref: PDF Unicode definition (HO)
Now handling font encoding PU ...
... no UTF-8 mapping file for font encoding PU
)
Package hyperref Info: Option `bookmarks' set `true' on input line 4066.
Package hyperref Info: Option `bookmarksopen' set `true' on input line 4066.
Package hyperref Info: Option `implicit' set `false' on input line 4066.
Package hyperref Info: Hyper figures OFF on input line 4195.
Package hyperref Info: Link nesting OFF on input line 4200.
Package hyperref Info: Hyper index ON on input line 4203.
Package hyperref Info: Plain pages OFF on input line 4210.
Package hyperref Info: Backreferencing OFF on input line 4215.
Package hyperref Info: Implicit mode OFF; no redefinition of LaTeX internals.
Package hyperref Info: Bookmarks ON on input line 4462.
\c@Hy@tempcnt=\count326

(C:\Users\chait\AppData\Local\Programs\MiKTeX\tex/latex/url\url.sty
\Urlmuskip=\muskip17
Package: url 2013/09/16  ver 3.4  Verb mode for urls, etc.
)
LaTeX Info: Redefining \url on input line 4801.
\XeTeXLinkMargin=\dimen276

(C:\Users\chait\AppData\Local\Programs\MiKTeX\tex/generic/bitset\bitset.sty
Package: bitset 2019/12/09 v1.3 Handle bit-vector datatype (HO)

(C:\Users\chait\AppData\Local\Programs\MiKTeX\tex/generic/bigintcalc\bigintcalc
.sty
Package: bigintcalc 2019/12/15 v1.5 Expandable calculations on big integers (HO
)
))
\Fld@menulength=\count327
\Field@Width=\dimen277
\Fld@charsize=\dimen278
Package hyperref Info: Hyper figures OFF on input line 6078.
Package hyperref Info: Link nesting OFF on input line 6083.
Package hyperref Info: Hyper index ON on input line 6086.
Package hyperref Info: backreferencing OFF on input line 6093.
Package hyperref Info: Link coloring OFF on input line 6098.
Package hyperref Info: Link coloring with OCG OFF on input line 6103.
Package hyperref Info: PDF/A mode OFF on input line 6108.
\Hy@abspage=\count328


Package hyperref Message: Stopped early.

)
Package hyperref Info: Driver (autodetected): hpdftex.
 (C:\Users\chait\AppData\Local\Programs\MiKTeX\tex/latex/hyperref\hpdftex.def
File: hpdftex.def 2025-07-12 v7.01o Hyperref driver for pdfTeX
\Fld@listcount=\count329
\c@bookmark@seq@number=\count330

(C:\Users\chait\AppData\Local\Programs\MiKTeX\tex/latex/rerunfilecheck\rerunfil
echeck.sty
Package: rerunfilecheck 2025-06-21 v1.11 Rerun checks for auxiliary files (HO)

(C:\Users\chait\AppData\Local\Programs\MiKTeX\tex/generic/uniquecounter\uniquec
ounter.sty
Package: uniquecounter 2019/12/15 v1.4 Provide unlimited unique counter (HO)
)
Package uniquecounter Info: New unique counter `rerunfilecheck' on input line 2
84.
))
(C:\Users\chait\AppData\Local\Programs\MiKTeX\tex/latex/beamer\beamerbaserequir
es.sty
(C:\Users\chait\AppData\Local\Programs\MiKTeX\tex/latex/beamer\beamerbasecompat
ibility.sty)
(C:\Users\chait\AppData\Local\Programs\MiKTeX\tex/latex/beamer\beamerbasefont.s
ty (C:\Users\chait\AppData\Local\Programs\MiKTeX\tex/latex/amsfonts\amssymb.sty
Package: amssymb 2013/01/14 v3.01 AMS font symbols
(C:\Users\chait\AppData\Local\Programs\MiKTeX\tex/latex/amsfonts\amsfonts.sty
Package: amsfonts 2013/01/14 v3.01 Basic AMSFonts support
\@emptytoks=\toks29
\symAMSa=\mathgroup4
\symAMSb=\mathgroup5
LaTeX Font Info:    Redeclaring math symbol \hbar on input line 98.
LaTeX Font Info:    Overwriting math alphabet `\mathfrak' in version `bold'
(Font)                  U/euf/m/n --> U/euf/b/n on input line 106.
))
(C:\Users\chait\AppData\Local\Programs\MiKTeX\tex/latex/sansmathaccent\sansmath
accent.sty
Package: sansmathaccent 2020/01/31

(C:\Users\chait\AppData\Local\Programs\MiKTeX\tex/latex/koma-script\scrlfile.st
y
Package: scrlfile 2025/09/09 v3.48 KOMA-Script package (file load hooks)

(C:\Users\chait\AppData\Local\Programs\MiKTeX\tex/latex/koma-script\scrlfile-ho
ok.sty
Package: scrlfile-hook 2025/09/09 v3.48 KOMA-Script package (using LaTeX hooks)


(C:\Users\chait\AppData\Local\Programs\MiKTeX\tex/latex/koma-script\scrlogo.sty
Package: scrlogo 2025/09/09 v3.48 KOMA-Script package (logo)
)))))
(C:\Users\chait\AppData\Local\Programs\MiKTeX\tex/latex/beamer\beamerbasetransl
ator.sty
(C:\Users\chait\AppData\Local\Programs\MiKTeX\tex/latex/translator\translator.s
ty
Package: translator 2021-05-31 v1.12d Easy translation of strings in LaTeX
))
(C:\Users\chait\AppData\Local\Programs\MiKTeX\tex/latex/beamer\beamerbasemisc.s
ty)
(C:\Users\chait\AppData\Local\Programs\MiKTeX\tex/latex/beamer\beamerbasetwoscr
eens.sty)
(C:\Users\chait\AppData\Local\Programs\MiKTeX\tex/latex/beamer\beamerbaseoverla
y.sty
\beamer@argscount=\count331
\beamer@lastskipcover=\skip52
\beamer@trivlistdepth=\count332
)
(C:\Users\chait\AppData\Local\Programs\MiKTeX\tex/latex/beamer\beamerbasetitle.
sty)
(C:\Users\chait\AppData\Local\Programs\MiKTeX\tex/latex/beamer\beamerbasesectio
n.sty
\c@lecture=\count333
\c@part=\count334
\c@section=\count335
\c@subsection=\count336
\c@subsubsection=\count337
)
(C:\Users\chait\AppData\Local\Programs\MiKTeX\tex/latex/beamer\beamerbaseframe.
sty
\beamer@framebox=\box68
\beamer@frametitlebox=\box69
\beamer@zoombox=\box70
\beamer@zoomcount=\count338
\beamer@zoomframecount=\count339
\beamer@frametextheight=\dimen279
\c@subsectionslide=\count340
\beamer@frametopskip=\skip53
\beamer@framebottomskip=\skip54
\beamer@frametopskipautobreak=\skip55
\beamer@framebottomskipautobreak=\skip56
\beamer@envbody=\toks30
\framewidth=\dimen280
\c@framenumber=\count341
)
(C:\Users\chait\AppData\Local\Programs\MiKTeX\tex/latex/beamer\beamerbaseverbat
im.sty
\beamer@verbatimfileout=\write4
)
(C:\Users\chait\AppData\Local\Programs\MiKTeX\tex/latex/beamer\beamerbaseframes
ize.sty
\beamer@splitbox=\box71
\beamer@autobreakcount=\count342
\beamer@autobreaklastheight=\dimen281
\beamer@frametitletoks=\toks31
\beamer@framesubtitletoks=\toks32
)
(C:\Users\chait\AppData\Local\Programs\MiKTeX\tex/latex/beamer\beamerbaseframec
omponents.sty
\beamer@colheight=\skip57
\beamer@footins=\box72
)
(C:\Users\chait\AppData\Local\Programs\MiKTeX\tex/latex/beamer\beamerbasecolor.
sty)
(C:\Users\chait\AppData\Local\Programs\MiKTeX\tex/latex/beamer\beamerbasenotes.
sty
\beamer@frameboxcopy=\box73
)
(C:\Users\chait\AppData\Local\Programs\MiKTeX\tex/latex/beamer\beamerbasetoc.st
y)
(C:\Users\chait\AppData\Local\Programs\MiKTeX\tex/latex/beamer\beamerbasetempla
tes.sty
\beamer@sbttoks=\toks33

(C:\Users\chait\AppData\Local\Programs\MiKTeX\tex/latex/beamer\beamerbaseauxtem
plates.sty
(C:\Users\chait\AppData\Local\Programs\MiKTeX\tex/latex/beamer\beamerbaseboxes.
sty
\bmb@box=\box74
\bmb@colorbox=\box75
\bmb@boxwidth=\dimen282
\bmb@boxheight=\dimen283
\bmb@prevheight=\dimen284
\bmb@temp=\dimen285
\bmb@dima=\dimen286
\bmb@dimb=\dimen287
\bmb@prevheight=\dimen288
)
\beamer@blockheadheight=\dimen289
))
(C:\Users\chait\AppData\Local\Programs\MiKTeX\tex/latex/beamer\beamerbaselocals
tructure.sty
(C:\Users\chait\AppData\Local\Programs\MiKTeX\tex/latex/tools\enumerate.sty
Package: enumerate 2023/07/04 v3.00 enumerate extensions (DPC)
\@enLab=\toks34
)
\beamer@bibiconwidth=\skip58
\c@figure=\count343
\c@table=\count344
\abovecaptionskip=\skip59
\belowcaptionskip=\skip60
)
(C:\Users\chait\AppData\Local\Programs\MiKTeX\tex/latex/beamer\beamerbasenaviga
tion.sty
(C:\Users\chait\AppData\Local\Programs\MiKTeX\tex/latex/beamer\beamerbasenaviga
tionsymbols.tex)
\beamer@section@min@dim=\dimen290
)
(C:\Users\chait\AppData\Local\Programs\MiKTeX\tex/latex/beamer\beamerbasetheore
ms.sty
(C:\Users\chait\AppData\Local\Programs\MiKTeX\tex/latex/amsmath\amsmath.sty
Package: amsmath 2025/06/16 v2.17y AMS math features
\@mathmargin=\skip61

For additional information on amsmath, use the `?' option.
(C:\Users\chait\AppData\Local\Programs\MiKTeX\tex/latex/amsmath\amstext.sty
Package: amstext 2024/11/17 v2.01 AMS text

(C:\Users\chait\AppData\Local\Programs\MiKTeX\tex/latex/amsmath\amsgen.sty
File: amsgen.sty 1999/11/30 v2.0 generic functions
\@emptytoks=\toks35
\ex@=\dimen291
))
(C:\Users\chait\AppData\Local\Programs\MiKTeX\tex/latex/amsmath\amsbsy.sty
Package: amsbsy 1999/11/29 v1.2d Bold Symbols
\pmbraise@=\dimen292
)
(C:\Users\chait\AppData\Local\Programs\MiKTeX\tex/latex/amsmath\amsopn.sty
Package: amsopn 2022/04/08 v2.04 operator names
)
\inf@bad=\count345
LaTeX Info: Redefining \frac on input line 233.
\uproot@=\count346
\leftroot@=\count347
LaTeX Info: Redefining \overline on input line 398.
LaTeX Info: Redefining \colon on input line 409.
\classnum@=\count348
\DOTSCASE@=\count349
LaTeX Info: Redefining \ldots on input line 495.
LaTeX Info: Redefining \dots on input line 498.
LaTeX Info: Redefining \cdots on input line 619.
\Mathstrutbox@=\box76
\strutbox@=\box77
LaTeX Info: Redefining \big on input line 721.
LaTeX Info: Redefining \Big on input line 722.
LaTeX Info: Redefining \bigg on input line 723.
LaTeX Info: Redefining \Bigg on input line 724.
\big@size=\dimen293
LaTeX Font Info:    Redeclaring font encoding OML on input line 742.
LaTeX Font Info:    Redeclaring font encoding OMS on input line 743.
\macc@depth=\count350
LaTeX Info: Redefining \bmod on input line 904.
LaTeX Info: Redefining \pmod on input line 909.
LaTeX Info: Redefining \smash on input line 939.
LaTeX Info: Redefining \relbar on input line 969.
LaTeX Info: Redefining \Relbar on input line 970.
\c@MaxMatrixCols=\count351
\dotsspace@=\muskip18
\c@parentequation=\count352
\dspbrk@lvl=\count353
\tag@help=\toks36
\row@=\count354
\column@=\count355
\maxfields@=\count356
\andhelp@=\toks37
\eqnshift@=\dimen294
\alignsep@=\dimen295
\tagshift@=\dimen296
\tagwidth@=\dimen297
\totwidth@=\dimen298
\lineht@=\dimen299
\@envbody=\toks38
\multlinegap=\skip62
\multlinetaggap=\skip63
\mathdisplay@stack=\toks39
LaTeX Info: Redefining \[ on input line 2949.
LaTeX Info: Redefining \] on input line 2950.
)
(C:\Users\chait\AppData\Local\Programs\MiKTeX\tex/latex/amscls\amsthm.sty
Package: amsthm 2020/05/29 v2.20.6
\thm@style=\toks40
\thm@bodyfont=\toks41
\thm@headfont=\toks42
\thm@notefont=\toks43
\thm@headpunct=\toks44
\thm@preskip=\skip64
\thm@postskip=\skip65
\thm@headsep=\skip66
\dth@everypar=\toks45
)
\c@theorem=\count357
)
(C:\Users\chait\AppData\Local\Programs\MiKTeX\tex/latex/beamer\beamerbasethemes
.sty))
(C:\Users\chait\AppData\Local\Programs\MiKTeX\tex/latex/beamer\beamerthemedefau
lt.sty
(C:\Users\chait\AppData\Local\Programs\MiKTeX\tex/latex/beamer\beamerfontthemed
efault.sty)
(C:\Users\chait\AppData\Local\Programs\MiKTeX\tex/latex/beamer\beamercolortheme
default.sty)
(C:\Users\chait\AppData\Local\Programs\MiKTeX\tex/latex/beamer\beamerinnertheme
default.sty
\beamer@dima=\dimen300
\beamer@dimb=\dimen301
)
(C:\Users\chait\AppData\Local\Programs\MiKTeX\tex/latex/beamer\beameroutertheme
default.sty))) (Theme/Packages.tex
(C:\Users\chait\AppData\Local\Programs\MiKTeX\tex/latex/base\inputenc.sty
Package: inputenc 2024/02/08 v1.3d Input encoding file
\inpenc@prehook=\toks46
\inpenc@posthook=\toks47
)
(C:\Users\chait\AppData\Local\Programs\MiKTeX\tex/latex/pgf/frontendlayer\tikz.
sty
(C:\Users\chait\AppData\Local\Programs\MiKTeX\tex/latex/pgf/basiclayer\pgf.sty
Package: pgf 2025-08-29 v3.1.11a (3.1.11a)

(C:\Users\chait\AppData\Local\Programs\MiKTeX\tex/generic/pgf/modules\pgfmodule
shapes.code.tex
File: pgfmoduleshapes.code.tex 2025-08-29 v3.1.11a (3.1.11a)
\pgfnodeparttextbox=\box78
)
(C:\Users\chait\AppData\Local\Programs\MiKTeX\tex/generic/pgf/modules\pgfmodule
plot.code.tex
File: pgfmoduleplot.code.tex 2025-08-29 v3.1.11a (3.1.11a)
)
(C:\Users\chait\AppData\Local\Programs\MiKTeX\tex/latex/pgf/compatibility\pgfco
mp-version-0-65.sty
Package: pgfcomp-version-0-65 2025-08-29 v3.1.11a (3.1.11a)
\pgf@nodesepstart=\dimen302
\pgf@nodesepend=\dimen303
)
(C:\Users\chait\AppData\Local\Programs\MiKTeX\tex/latex/pgf/compatibility\pgfco
mp-version-1-18.sty
Package: pgfcomp-version-1-18 2025-08-29 v3.1.11a (3.1.11a)
))
(C:\Users\chait\AppData\Local\Programs\MiKTeX\tex/latex/pgf/utilities\pgffor.st
y
(C:\Users\chait\AppData\Local\Programs\MiKTeX\tex/generic/pgf/utilities\pgffor.
code.tex
Package: pgffor 2025-08-29 v3.1.11a (3.1.11a)
\pgffor@iter=\dimen304
\pgffor@skip=\dimen305
\pgffor@stack=\toks48
\pgffor@toks=\toks49
))
(C:\Users\chait\AppData\Local\Programs\MiKTeX\tex/generic/pgf/frontendlayer/tik
z\tikz.code.tex
Package: tikz 2025-08-29 v3.1.11a (3.1.11a)

(C:\Users\chait\AppData\Local\Programs\MiKTeX\tex/generic/pgf/libraries\pgflibr
aryplothandlers.code.tex
File: pgflibraryplothandlers.code.tex 2025-08-29 v3.1.11a (3.1.11a)
\pgf@plot@mark@count=\count358
\pgfplotmarksize=\dimen306
)
\tikz@lastx=\dimen307
\tikz@lasty=\dimen308
\tikz@lastxsaved=\dimen309
\tikz@lastysaved=\dimen310
\tikz@lastmovetox=\dimen311
\tikz@lastmovetoy=\dimen312
\tikzleveldistance=\dimen313
\tikzsiblingdistance=\dimen314
\tikz@figbox=\box79
\tikz@figbox@bg=\box80
\tikz@tempbox=\box81
\tikz@tempbox@bg=\box82
\tikztreelevel=\count359
\tikznumberofchildren=\count360
\tikznumberofcurrentchild=\count361
\tikz@fig@count=\count362

(C:\Users\chait\AppData\Local\Programs\MiKTeX\tex/generic/pgf/modules\pgfmodule
matrix.code.tex
File: pgfmodulematrix.code.tex 2025-08-29 v3.1.11a (3.1.11a)
\pgfmatrixcurrentrow=\count363
\pgfmatrixcurrentcolumn=\count364
\pgf@matrix@numberofcolumns=\count365
)
\tikz@expandcount=\count366

(C:\Users\chait\AppData\Local\Programs\MiKTeX\tex/generic/pgf/frontendlayer/tik
z/libraries\tikzlibrarytopaths.code.tex
File: tikzlibrarytopaths.code.tex 2025-08-29 v3.1.11a (3.1.11a)
)))
(C:\Users\chait\AppData\Local\Programs\MiKTeX\tex/generic/pgf/frontendlayer/tik
z/libraries\tikzlibrarypositioning.code.tex
File: tikzlibrarypositioning.code.tex 2025-08-29 v3.1.11a (3.1.11a)
)
(C:\Users\chait\AppData\Local\Programs\MiKTeX\tex/generic/pgf/frontendlayer/tik
z/libraries\tikzlibrarycalc.code.tex
File: tikzlibrarycalc.code.tex 2025-08-29 v3.1.11a (3.1.11a)
)
(C:\Users\chait\AppData\Local\Programs\MiKTeX\tex/latex/listings\listings.sty
\lst@mode=\count367
\lst@gtempboxa=\box83
\lst@token=\toks50
\lst@length=\count368
\lst@currlwidth=\dimen315
\lst@column=\count369
\lst@pos=\count370
\lst@lostspace=\dimen316
\lst@width=\dimen317
\lst@newlines=\count371
\lst@lineno=\count372
\lst@maxwidth=\dimen318

(C:\Users\chait\AppData\Local\Programs\MiKTeX\tex/latex/listings\lstpatch.sty
File: lstpatch.sty 2024/09/23 1.10c (Carsten Heinz)
)
(C:\Users\chait\AppData\Local\Programs\MiKTeX\tex/latex/listings\lstmisc.sty
File: lstmisc.sty 2024/09/23 1.10c (Carsten Heinz)
\c@lstnumber=\count373
\lst@skipnumbers=\count374
\lst@framebox=\box84
)
(C:\Users\chait\AppData\Local\Programs\MiKTeX\tex/latex/listings\listings.cfg
File: listings.cfg 2024/09/23 1.10c listings configuration
))
Package: listings 2024/09/23 1.10c (Carsten Heinz)

(C:\Users\chait\AppData\Local\Programs\MiKTeX\tex/latex/fontawesome\fontawesome
.sty
Package: fontawesome 2016/05/15 v4.6.3.1 font awesome icons

(C:\Users\chait\AppData\Local\Programs\MiKTeX\tex/generic/iftex\ifxetex.sty
Package: ifxetex 2019/10/25 v0.7 ifxetex legacy package. Use iftex instead.
)
(C:\Users\chait\AppData\Local\Programs\MiKTeX\tex/generic/iftex\ifluatex.sty
Package: ifluatex 2019/10/25 v1.5 ifluatex legacy package. Use iftex instead.
)
(C:\Users\chait\AppData\Local\Programs\MiKTeX\tex/latex/fontawesome\fontawesome
symbols-generic.tex)
(C:\Users\chait\AppData\Local\Programs\MiKTeX\tex/latex/fontawesome\fontawesome
symbols-pdftex.tex))
(C:\Users\chait\AppData\Local\Programs\MiKTeX\tex/latex/caption\caption.sty
Package: caption 2023/08/05 v3.6o Customizing captions (AR)

(C:\Users\chait\AppData\Local\Programs\MiKTeX\tex/latex/caption\caption3.sty
Package: caption3 2023/07/31 v2.4d caption3 kernel (AR)
\caption@tempdima=\dimen319
\captionmargin=\dimen320
\caption@leftmargin=\dimen321
\caption@rightmargin=\dimen322
\caption@width=\dimen323
\caption@indent=\dimen324
\caption@parindent=\dimen325
\caption@hangindent=\dimen326
Package caption Info: beamer document class detected.

(C:\Users\chait\AppData\Local\Programs\MiKTeX\tex/latex/caption\caption-beamer.
sto
File: caption-beamer.sto 2022/01/06 v2.0c Adaption of the caption package to th
e beamer document classes (AR)
))
\c@caption@flags=\count375
\c@continuedfloat=\count376
Package caption Info: hyperref package is loaded.
Package caption Info: Hyperref support is turned off
(caption)             because hyperref has stopped early.
Package caption Info: listings package is loaded.
)
(C:\Users\chait\AppData\Local\Programs\MiKTeX\tex/latex/makecell\makecell.sty
Package: makecell 2009/08/03 V0.1e Managing of Tab Column Heads and Cells

(C:\Users\chait\AppData\Local\Programs\MiKTeX\tex/latex/tools\array.sty
Package: array 2025/06/08 v2.6j Tabular extension package (FMi)
\col@sep=\dimen327
\ar@mcellbox=\box85
\extrarowheight=\dimen328
\NC@list=\toks51
\extratabsurround=\skip67
\backup@length=\skip68
\ar@cellbox=\box86
)
\rotheadsize=\dimen329
\c@nlinenum=\count377
\TeXr@lab=\toks52
)
(C:\Users\chait\AppData\Local\Programs\MiKTeX\tex/latex/adjustbox\adjustbox.sty
Package: adjustbox 2025/02/26 v1.3c Adjusting TeX boxes (trim, clip, ...)
(C:\Users\chait\AppData\Local\Programs\MiKTeX\tex/latex/xkeyval\xkeyval.sty
Package: xkeyval 2022/06/16 v2.9 package option processing (HA)

(C:\Users\chait\AppData\Local\Programs\MiKTeX\tex/generic/xkeyval\xkeyval.tex
(C:\Users\chait\AppData\Local\Programs\MiKTeX\tex/generic/xkeyval\xkvutils.tex
\XKV@toks=\toks53
\XKV@tempa@toks=\toks54
)
\XKV@depth=\count378
File: xkeyval.tex 2014/12/03 v2.7a key=value parser (HA)
))
(C:\Users\chait\AppData\Local\Programs\MiKTeX\tex/latex/adjustbox\adjcalc.sty
Package: adjcalc 2012/05/16 v1.1 Provides advanced setlength with multiple back
-ends (calc, etex, pgfmath)
)
(C:\Users\chait\AppData\Local\Programs\MiKTeX\tex/latex/adjustbox\trimclip.sty
Package: trimclip 2025/02/21 v1.2a Trim and clip general TeX material

(C:\Users\chait\AppData\Local\Programs\MiKTeX\tex/latex/collectbox\collectbox.s
ty
Package: collectbox 2022/10/17 v0.4c Collect macro arguments as boxes
\collectedbox=\box87
)
\tc@llx=\dimen330
\tc@lly=\dimen331
\tc@urx=\dimen332
\tc@ury=\dimen333
Package trimclip Info: Using driver 'tc-pdftex.def'.

(C:\Users\chait\AppData\Local\Programs\MiKTeX\tex/latex/adjustbox\tc-pdftex.def
File: tc-pdftex.def 2025/02/26 v2.3 Clipping driver for pdftex
))
\adjbox@Width=\dimen334
\adjbox@Height=\dimen335
\adjbox@Depth=\dimen336
\adjbox@Totalheight=\dimen337
\adjbox@pwidth=\dimen338
\adjbox@pheight=\dimen339
\adjbox@pdepth=\dimen340
\adjbox@ptotalheight=\dimen341

(C:\Users\chait\AppData\Local\Programs\MiKTeX\tex/latex/ifoddpage\ifoddpage.sty
Package: ifoddpage 2022/10/18 v1.2 Conditionals for odd/even page detection
\c@checkoddpage=\count379
) (C:\Users\chait\AppData\Local\Programs\MiKTeX\tex/latex/varwidth\varwidth.sty
Package: varwidth 2009/03/30 ver 0.92;  Variable-width minipages
\@vwid@box=\box88
\sift@deathcycles=\count380
\@vwid@loff=\dimen342
\@vwid@roff=\dimen343
)
==> First Aid for varwidth.sty applied!
) (C:\Users\chait\AppData\Local\Programs\MiKTeX\tex/latex/multirow\multirow.sty
Package: multirow 2024/11/12 v2.9 Span multiple rows of a table
\multirow@colwidth=\skip69
\multirow@cntb=\count381
\multirow@dima=\skip70
\bigstrutjot=\dimen344
) (C:\Users\chait\AppData\Local\Programs\MiKTeX\tex/latex/tools\multicol.sty
Package: multicol 2025/05/25 v2.0a multicolumn formatting (FMi)
\c@tracingmulticols=\count382
\mult@box=\box89
\multicol@leftmargin=\dimen345
\c@unbalance=\count383
\c@collectmore=\count384
\doublecol@number=\count385
\multicoltolerance=\count386
\multicolpretolerance=\count387
\full@width=\dimen346
\page@free=\dimen347
\premulticols=\dimen348
\postmulticols=\dimen349
\multicolsep=\skip71
\multicolbaselineskip=\skip72
\partial@page=\box90
\last@line=\box91
\mc@boxedresult=\box92
\maxbalancingoverflow=\dimen350
\mult@rightbox=\box93
\mult@grightbox=\box94
\mult@firstbox=\box95
\mult@gfirstbox=\box96
\@tempa=\box97
\@tempa=\box98
\@tempa=\box99
\@tempa=\box100
\@tempa=\box101
\@tempa=\box102
\@tempa=\box103
\@tempa=\box104
\@tempa=\box105
\@tempa=\box106
\@tempa=\box107
\@tempa=\box108
\@tempa=\box109
\@tempa=\box110
\@tempa=\box111
\@tempa=\box112
\@tempa=\box113
\@tempa=\box114
\@tempa=\box115
\@tempa=\box116
\@tempa=\box117
\@tempa=\box118
\@tempa=\box119
\@tempa=\box120
\@tempa=\box121
\@tempa=\box122
\@tempa=\box123
\@tempa=\box124
\@tempa=\box125
\@tempa=\box126
\@tempa=\box127
\@tempa=\box128
\@tempa=\box129
\@tempa=\box130
\@tempa=\box131
\@tempa=\box132
\c@minrows=\count388
\c@columnbadness=\count389
\c@finalcolumnbadness=\count390
\last@try=\dimen351
\multicolovershoot=\dimen352
\multicolundershoot=\dimen353
\mult@nat@firstbox=\box133
\colbreak@box=\box134
\mc@col@check@num=\count391
\g__mc_curr_col_int=\count392
)
(C:\Users\chait\AppData\Local\Programs\MiKTeX\tex/latex/tools\xspace.sty
Package: xspace 2014/10/28 v1.13 Space after command names (DPC,MH)
)
(C:\Users\chait\AppData\Local\Programs\MiKTeX\tex/latex/booktabs\booktabs.sty
Package: booktabs 2020/01/12 v1.61803398 Publication quality tables
\heavyrulewidth=\dimen354
\lightrulewidth=\dimen355
\cmidrulewidth=\dimen356
\belowrulesep=\dimen357
\belowbottomsep=\dimen358
\aboverulesep=\dimen359
\abovetopsep=\dimen360
\cmidrulesep=\dimen361
\cmidrulekern=\dimen362
\defaultaddspace=\dimen363
\@cmidla=\count393
\@cmidlb=\count394
\@aboverulesep=\dimen364
\@belowrulesep=\dimen365
\@thisruleclass=\count395
\@lastruleclass=\count396
\@thisrulewidth=\dimen366
)
(C:\Users\chait\AppData\Local\Programs\MiKTeX\tex/latex/pgfgantt\pgfgantt.sty
Package: pgfgantt 2024/06/19 v5.0a Draw Gantt diagrams with TikZ

(C:\Users\chait\AppData\Local\Programs\MiKTeX\tex/generic/pgf/frontendlayer/tik
z/libraries\tikzlibraryarrows.code.tex
File: tikzlibraryarrows.code.tex 2025-08-29 v3.1.11a (3.1.11a)

(C:\Users\chait\AppData\Local\Programs\MiKTeX\tex/generic/pgf/libraries\pgflibr
aryarrows.code.tex
File: pgflibraryarrows.code.tex 2025-08-29 v3.1.11a (3.1.11a)
\arrowsize=\dimen367
))
(C:\Users\chait\AppData\Local\Programs\MiKTeX\tex/generic/pgf/frontendlayer/tik
z/libraries\tikzlibrarybackgrounds.code.tex
File: tikzlibrarybackgrounds.code.tex 2025-08-29 v3.1.11a (3.1.11a)
\pgf@layerbox@background=\box135
\pgf@layerboxsaved@background=\box136
)
(C:\Users\chait\AppData\Local\Programs\MiKTeX\tex/generic/pgf/frontendlayer/tik
z/libraries\tikzlibrarypatterns.code.tex
File: tikzlibrarypatterns.code.tex 2025-08-29 v3.1.11a (3.1.11a)

(C:\Users\chait\AppData\Local\Programs\MiKTeX\tex/generic/pgf/libraries\pgflibr
arypatterns.code.tex
File: pgflibrarypatterns.code.tex 2025-08-29 v3.1.11a (3.1.11a)
))
(C:\Users\chait\AppData\Local\Programs\MiKTeX\tex/generic/pgf/frontendlayer/tik
z/libraries\tikzlibraryshapes.geometric.code.tex
File: tikzlibraryshapes.geometric.code.tex 2025-08-29 v3.1.11a (3.1.11a)

(C:\Users\chait\AppData\Local\Programs\MiKTeX\tex/generic/pgf/libraries/shapes\
pgflibraryshapes.geometric.code.tex
File: pgflibraryshapes.geometric.code.tex 2025-08-29 v3.1.11a (3.1.11a)
))
(C:\Users\chait\AppData\Local\Programs\MiKTeX\tex/latex/pgf/utilities\pgfcalend
ar.sty
(C:\Users\chait\AppData\Local\Programs\MiKTeX\tex/generic/pgf/utilities\pgfcale
ndar.code.tex
File: pgfcalendar.code.tex 2025-08-29 v3.1.11a (3.1.11a)
\pgfcalendarcurrentjulian=\count397
\pgf@cal@easter@Y=\count398
\pgf@cal@easter@G=\count399
\pgf@cal@easter@C=\count400
\pgf@cal@easter@X=\count401
\pgf@cal@easter@Z=\count402
\pgf@cal@easter@D=\count403
\pgf@cal@easter@E=\count404
\pgf@cal@easter@N=\count405
\pgf@cal@easter@M=\count406
\pgf@cal@easter@julianday=\count407
))
\gtt@currentline=\count408
\gtt@lasttitleline=\count409
\gtt@currgrid=\count410
\gtt@chartwidth=\count411
\gtt@lasttitleslot=\count412
\gtt@elementid=\count413
\gtt@today@slot=\count414
\gtt@startjulian=\count415
\gtt@endjulian=\count416
\gtt@chartid=\count417
\gtt@vrule@slot=\count418
\gtt@calendar@slots=\count419
\gtt@calendar@weeknumber=\count420
\gtt@calendar@startofweek=\count421
\gtt@left@slot=\count422
\gtt@right@slot=\count423
)
(C:\Users\chait\AppData\Local\Programs\MiKTeX\tex/latex/listings\lstlang1.sty
File: lstlang1.sty 2024/09/23 1.10c listings language file
)) (beamerthemeoxonian.sty
Package: beamerthemeoxonian 
 (beamerfontthemeoxonian.sty
Package: beamerfontthemeoxonian 

(C:\Users\chait\AppData\Local\Programs\MiKTeX\tex/latex/beamer\beamerfontthemes
erif.sty)) (beamercolorthemeoxonian.sty
Package: beamercolorthemeoxonian 
) (beamerinnerthemeoxonian.sty
Package: beamerinnerthemeoxonian 
)
(beamerouterthemeoxonian.sty
Package: beamerouterthemeoxonian 
))
(C:\Users\chait\AppData\Local\Programs\MiKTeX\tex/latex/colortbl\colortbl.sty
Package: colortbl 2024/10/29 v1.0k Color table columns (DPC)
\everycr=\toks55
\minrowclearance=\skip73
\rownum=\count424
)

Package hyperref Warning: Token not allowed in a PDF string (Unicode):
(hyperref)                removing `\newline' on input line 35.


Package hyperref Warning: Token not allowed in a PDF string (Unicode):
(hyperref)                removing `\newline' on input line 35.


Package hyperref Warning: Token not allowed in a PDF string (Unicode):
(hyperref)                removing `\new@ifnextchar' on input line 35.


(C:\Users\chait\AppData\Local\Programs\MiKTeX\tex/latex/l3backend\l3backend-pdf
tex.def
File: l3backend-pdftex.def 2025-06-09 L3 backend support: PDF output (pdfTeX)
\l__color_backend_stack_int=\count425
) (Deck.aux)
\openout1 = `Deck.aux'.

LaTeX Font Info:    Checking defaults for OML/cmm/m/it on input line 42.
LaTeX Font Info:    ... okay on input line 42.
LaTeX Font Info:    Checking defaults for OMS/cmsy/m/n on input line 42.
LaTeX Font Info:    ... okay on input line 42.
LaTeX Font Info:    Checking defaults for OT1/cmr/m/n on input line 42.
LaTeX Font Info:    ... okay on input line 42.
LaTeX Font Info:    Checking defaults for T1/cmr/m/n on input line 42.
LaTeX Font Info:    ... okay on input line 42.
LaTeX Font Info:    Checking defaults for TS1/cmr/m/n on input line 42.
LaTeX Font Info:    ... okay on input line 42.
LaTeX Font Info:    Checking defaults for OMX/cmex/m/n on input line 42.
LaTeX Font Info:    ... okay on input line 42.
LaTeX Font Info:    Checking defaults for U/cmr/m/n on input line 42.
LaTeX Font Info:    ... okay on input line 42.
LaTeX Font Info:    Checking defaults for PD1/pdf/m/n on input line 42.
LaTeX Font Info:    ... okay on input line 42.
LaTeX Font Info:    Checking defaults for PU/pdf/m/n on input line 42.
LaTeX Font Info:    ... okay on input line 42.

*geometry* driver: auto-detecting
*geometry* detected driver: pdftex
*geometry* verbose mode - [ preamble ] result:
* driver: pdftex
* paper: custom
* layout: <same size as paper>
* layoutoffset:(h,v)=(0.0pt,0.0pt)
* modes: includehead includefoot 
* h-part:(L,W,R)=(28.45274pt, 398.3386pt, 28.45274pt)
* v-part:(T,H,B)=(0.0pt, 256.0748pt, 0.0pt)
* \paperwidth=455.24408pt
* \paperheight=256.0748pt
* \textwidth=398.3386pt
* \textheight=227.62207pt
* \oddsidemargin=-43.81725pt
* \evensidemargin=-43.81725pt
* \topmargin=-72.26999pt
* \headheight=14.22636pt
* \headsep=0.0pt
* \topskip=11.0pt
* \footskip=14.22636pt
* \marginparwidth=4.0pt
* \marginparsep=10.0pt
* \columnsep=10.0pt
* \skip\footins=10.0pt plus 4.0pt minus 2.0pt
* \hoffset=0.0pt
* \voffset=0.0pt
* \mag=1000
* \@twocolumnfalse
* \@twosidefalse
* \@mparswitchfalse
* \@reversemarginfalse
* (1in=72.27pt=25.4mm, 1cm=28.453pt)


(C:\Users\chait\AppData\Local\Programs\MiKTeX\tex/context/base/mkii\supp-pdf.mk
ii
[Loading MPS to PDF converter (version 2006.09.02).]
\scratchcounter=\count426
\scratchdimen=\dimen368
\scratchbox=\box137
\nofMPsegments=\count427
\nofMParguments=\count428
\everyMPshowfont=\toks56
\MPscratchCnt=\count429
\MPscratchDim=\dimen369
\MPnumerator=\count430
\makeMPintoPDFobject=\count431
\everyMPtoPDFconversion=\toks57
)
(C:\Users\chait\AppData\Local\Programs\MiKTeX\tex/latex/epstopdf-pkg\epstopdf-b
ase.sty
Package: epstopdf-base 2020-01-24 v2.11 Base part for package epstopdf
Package epstopdf-base Info: Redefining graphics rule for `.eps' on input line 4
85.

(C:\Users\chait\AppData\Local\Programs\MiKTeX\tex/latex/00miktex\epstopdf-sys.c
fg
File: epstopdf-sys.cfg 2021/03/18 v2.0 Configuration of epstopdf for MiKTeX
))
Package hyperref Info: Link coloring OFF on input line 42.
 (Deck.out) (Deck.out)
\@outlinefile=\write5
\openout5 = `Deck.out'.


(C:\Users\chait\AppData\Local\Programs\MiKTeX\tex/latex/translator\translator-b
asic-dictionary-English.dict
Dictionary: translator-basic-dictionary, Language: English 
)
(C:\Users\chait\AppData\Local\Programs\MiKTeX\tex/latex/translator\translator-b
ibliography-dictionary-English.dict
Dictionary: translator-bibliography-dictionary, Language: English 
)
(C:\Users\chait\AppData\Local\Programs\MiKTeX\tex/latex/translator\translator-e
nvironment-dictionary-English.dict
Dictionary: translator-environment-dictionary, Language: English 
)
(C:\Users\chait\AppData\Local\Programs\MiKTeX\tex/latex/translator\translator-m
onths-dictionary-English.dict
Dictionary: translator-months-dictionary, Language: English 
)
(C:\Users\chait\AppData\Local\Programs\MiKTeX\tex/latex/translator\translator-n
umbers-dictionary-English.dict
Dictionary: translator-numbers-dictionary, Language: English 
)
(C:\Users\chait\AppData\Local\Programs\MiKTeX\tex/latex/translator\translator-t
heorem-dictionary-English.dict
Dictionary: translator-theorem-dictionary, Language: English 
)
\c@lstlisting=\count432
Package caption Info: Begin \AtBeginDocument code.
Package caption Info: End \AtBeginDocument code.
 (Deck.nav)
<Theme/Logos/footerlogo.png, id=76, 1213.53375pt x 416.55624pt>
File: Theme/Logos/footerlogo.png Graphic file (type png)
<use Theme/Logos/footerlogo.png>
Package pdftex.def Info: Theme/Logos/footerlogo.png  used on input line 42.
(pdftex.def)             Requested size: 45.52718pt x 15.62335pt.
<Theme/Logos/cminds_iitb_logo.png, id=78, 557.6835pt x 184.7703pt>
File: Theme/Logos/cminds_iitb_logo.png Graphic file (type png)
<use Theme/Logos/cminds_iitb_logo.png>
Package pdftex.def Info: Theme/Logos/cminds_iitb_logo.png  used on input line 4
5.
(pdftex.def)             Requested size: 142.26378pt x 47.13412pt.


[1

{C:/Users/chait/AppData/Local/MiKTeX/fonts/map/pdftex/pdftex.map} <./Theme/Logo
s/cminds_iitb_logo.png>]
File: Theme/Logos/footerlogo.png Graphic file (type png)
<use Theme/Logos/footerlogo.png>
Package pdftex.def Info: Theme/Logos/footerlogo.png  used on input line 51.
(pdftex.def)             Requested size: 45.52718pt x 15.62335pt.
\openout4 = `Deck.vrb'.

File: Theme/Logos/footerlogo.png Graphic file (type png)
<use Theme/Logos/footerlogo.png>
Package pdftex.def Info: Theme/Logos/footerlogo.png  used on input line 56.
(pdftex.def)             Requested size: 45.52718pt x 15.62335pt.
 (Deck.vrb (Deck.toc))

File: Theme/Logos/footerlogo.png Graphic file (type png)
<use Theme/Logos/footerlogo.png>
Package pdftex.def Info: Theme/Logos/footerlogo.png  used on input line 56.
(pdftex.def)             Requested size: 45.52718pt x 15.62335pt.
[2

 <./Theme/Logos/footerlogo.png>]
File: Theme/Logos/footerlogo.png Graphic file (type png)
<use Theme/Logos/footerlogo.png>
Package pdftex.def Info: Theme/Logos/footerlogo.png  used on input line 70.
(pdftex.def)             Requested size: 45.52718pt x 15.62335pt.


[3

]
File: Theme/Logos/footerlogo.png Graphic file (type png)
<use Theme/Logos/footerlogo.png>
Package pdftex.def Info: Theme/Logos/footerlogo.png  used on input line 91.
(pdftex.def)             Requested size: 45.52718pt x 15.62335pt.
LaTeX Font Info:    Trying to load font information for U+msa on input line 91.

 (C:\Users\chait\AppData\Local\Programs\MiKTeX\tex/latex/amsfonts\umsa.fd
File: umsa.fd 2013/01/14 v3.01 AMS symbols A
)
LaTeX Font Info:    Trying to load font information for U+msb on input line 91.


(C:\Users\chait\AppData\Local\Programs\MiKTeX\tex/latex/amsfonts\umsb.fd
File: umsb.fd 2013/01/14 v3.01 AMS symbols B
)

File: Theme/Logos/footerlogo.png Graphic file (type png)
<use Theme/Logos/footerlogo.png>
Package pdftex.def Info: Theme/Logos/footerlogo.png  used on input line 91.
(pdftex.def)             Requested size: 45.52718pt x 15.62335pt.
[4

]
File: Theme/Logos/footerlogo.png Graphic file (type png)
<use Theme/Logos/footerlogo.png>
Package pdftex.def Info: Theme/Logos/footerlogo.png  used on input line 128.
(pdftex.def)             Requested size: 45.52718pt x 15.62335pt.


File: Theme/Logos/footerlogo.png Graphic file (type png)
<use Theme/Logos/footerlogo.png>
Package pdftex.def Info: Theme/Logos/footerlogo.png  used on input line 128.
(pdftex.def)             Requested size: 45.52718pt x 15.62335pt.
[5

]
File: Theme/Logos/footerlogo.png Graphic file (type png)
<use Theme/Logos/footerlogo.png>
Package pdftex.def Info: Theme/Logos/footerlogo.png  used on input line 147.
(pdftex.def)             Requested size: 45.52718pt x 15.62335pt.


File: Theme/Logos/footerlogo.png Graphic file (type png)
<use Theme/Logos/footerlogo.png>
Package pdftex.def Info: Theme/Logos/footerlogo.png  used on input line 147.
(pdftex.def)             Requested size: 45.52718pt x 15.62335pt.
[6

]
File: Theme/Logos/footerlogo.png Graphic file (type png)
<use Theme/Logos/footerlogo.png>
Package pdftex.def Info: Theme/Logos/footerlogo.png  used on input line 170.
(pdftex.def)             Requested size: 45.52718pt x 15.62335pt.


File: Theme/Logos/footerlogo.png Graphic file (type png)
<use Theme/Logos/footerlogo.png>
Package pdftex.def Info: Theme/Logos/footerlogo.png  used on input line 170.
(pdftex.def)             Requested size: 45.52718pt x 15.62335pt.
[7

]
File: Theme/Logos/footerlogo.png Graphic file (type png)
<use Theme/Logos/footerlogo.png>
Package pdftex.def Info: Theme/Logos/footerlogo.png  used on input line 198.
(pdftex.def)             Requested size: 45.52718pt x 15.62335pt.


File: Theme/Logos/footerlogo.png Graphic file (type png)
<use Theme/Logos/footerlogo.png>
Package pdftex.def Info: Theme/Logos/footerlogo.png  used on input line 198.
(pdftex.def)             Requested size: 45.52718pt x 15.62335pt.
[8

]
File: Theme/Logos/footerlogo.png Graphic file (type png)
<use Theme/Logos/footerlogo.png>
Package pdftex.def Info: Theme/Logos/footerlogo.png  used on input line 212.
(pdftex.def)             Requested size: 45.52718pt x 15.62335pt.


[9

]
File: Theme/Logos/footerlogo.png Graphic file (type png)
<use Theme/Logos/footerlogo.png>
Package pdftex.def Info: Theme/Logos/footerlogo.png  used on input line 235.
(pdftex.def)             Requested size: 45.52718pt x 15.62335pt.


File: Theme/Logos/footerlogo.png Graphic file (type png)
<use Theme/Logos/footerlogo.png>
Package pdftex.def Info: Theme/Logos/footerlogo.png  used on input line 235.
(pdftex.def)             Requested size: 45.52718pt x 15.62335pt.
[10

]
File: Theme/Logos/footerlogo.png Graphic file (type png)
<use Theme/Logos/footerlogo.png>
Package pdftex.def Info: Theme/Logos/footerlogo.png  used on input line 256.
(pdftex.def)             Requested size: 45.52718pt x 15.62335pt.


File: Theme/Logos/footerlogo.png Graphic file (type png)
<use Theme/Logos/footerlogo.png>
Package pdftex.def Info: Theme/Logos/footerlogo.png  used on input line 256.
(pdftex.def)             Requested size: 45.52718pt x 15.62335pt.
[11

]
File: Theme/Logos/footerlogo.png Graphic file (type png)
<use Theme/Logos/footerlogo.png>
Package pdftex.def Info: Theme/Logos/footerlogo.png  used on input line 270.
(pdftex.def)             Requested size: 45.52718pt x 15.62335pt.


[12

]
File: Theme/Logos/footerlogo.png Graphic file (type png)
<use Theme/Logos/footerlogo.png>
Package pdftex.def Info: Theme/Logos/footerlogo.png  used on input line 292.
(pdftex.def)             Requested size: 45.52718pt x 15.62335pt.


File: Theme/Logos/footerlogo.png Graphic file (type png)
<use Theme/Logos/footerlogo.png>
Package pdftex.def Info: Theme/Logos/footerlogo.png  used on input line 292.
(pdftex.def)             Requested size: 45.52718pt x 15.62335pt.
[13

]
File: Theme/Logos/footerlogo.png Graphic file (type png)
<use Theme/Logos/footerlogo.png>
Package pdftex.def Info: Theme/Logos/footerlogo.png  used on input line 314.
(pdftex.def)             Requested size: 45.52718pt x 15.62335pt.


File: Theme/Logos/footerlogo.png Graphic file (type png)
<use Theme/Logos/footerlogo.png>
Package pdftex.def Info: Theme/Logos/footerlogo.png  used on input line 314.
(pdftex.def)             Requested size: 45.52718pt x 15.62335pt.
[14

]
File: Theme/Logos/footerlogo.png Graphic file (type png)
<use Theme/Logos/footerlogo.png>
Package pdftex.def Info: Theme/Logos/footerlogo.png  used on input line 339.
(pdftex.def)             Requested size: 45.52718pt x 15.62335pt.


File: Theme/Logos/footerlogo.png Graphic file (type png)
<use Theme/Logos/footerlogo.png>
Package pdftex.def Info: Theme/Logos/footerlogo.png  used on input line 339.
(pdftex.def)             Requested size: 45.52718pt x 15.62335pt.
[15

]
File: Theme/Logos/footerlogo.png Graphic file (type png)
<use Theme/Logos/footerlogo.png>
Package pdftex.def Info: Theme/Logos/footerlogo.png  used on input line 355.
(pdftex.def)             Requested size: 45.52718pt x 15.62335pt.


[16

]
File: Theme/Logos/footerlogo.png Graphic file (type png)
<use Theme/Logos/footerlogo.png>
Package pdftex.def Info: Theme/Logos/footerlogo.png  used on input line 374.
(pdftex.def)             Requested size: 45.52718pt x 15.62335pt.


File: Theme/Logos/footerlogo.png Graphic file (type png)
<use Theme/Logos/footerlogo.png>
Package pdftex.def Info: Theme/Logos/footerlogo.png  used on input line 374.
(pdftex.def)             Requested size: 45.52718pt x 15.62335pt.
[17

]
File: Theme/Logos/footerlogo.png Graphic file (type png)
<use Theme/Logos/footerlogo.png>
Package pdftex.def Info: Theme/Logos/footerlogo.png  used on input line 385.
(pdftex.def)             Requested size: 45.52718pt x 15.62335pt.


File: Theme/Logos/footerlogo.png Graphic file (type png)
<use Theme/Logos/footerlogo.png>
Package pdftex.def Info: Theme/Logos/footerlogo.png  used on input line 385.
(pdftex.def)             Requested size: 45.52718pt x 15.62335pt.
[18

]
File: Theme/Logos/footerlogo.png Graphic file (type png)
<use Theme/Logos/footerlogo.png>
Package pdftex.def Info: Theme/Logos/footerlogo.png  used on input line 400.
(pdftex.def)             Requested size: 45.52718pt x 15.62335pt.


[19

]
File: Theme/Logos/footerlogo.png Graphic file (type png)
<use Theme/Logos/footerlogo.png>
Package pdftex.def Info: Theme/Logos/footerlogo.png  used on input line 415.
(pdftex.def)             Requested size: 45.52718pt x 15.62335pt.


File: Theme/Logos/footerlogo.png Graphic file (type png)
<use Theme/Logos/footerlogo.png>
Package pdftex.def Info: Theme/Logos/footerlogo.png  used on input line 415.
(pdftex.def)             Requested size: 45.52718pt x 15.62335pt.
[20

]
File: Theme/Logos/footerlogo.png Graphic file (type png)
<use Theme/Logos/footerlogo.png>
Package pdftex.def Info: Theme/Logos/footerlogo.png  used on input line 431.
(pdftex.def)             Requested size: 45.52718pt x 15.62335pt.


File: Theme/Logos/footerlogo.png Graphic file (type png)
<use Theme/Logos/footerlogo.png>
Package pdftex.def Info: Theme/Logos/footerlogo.png  used on input line 431.
(pdftex.def)             Requested size: 45.52718pt x 15.62335pt.
[21

]
File: Theme/Logos/footerlogo.png Graphic file (type png)
<use Theme/Logos/footerlogo.png>
Package pdftex.def Info: Theme/Logos/footerlogo.png  used on input line 448.
(pdftex.def)             Requested size: 45.52718pt x 15.62335pt.


[22

]
File: Theme/Logos/footerlogo.png Graphic file (type png)
<use Theme/Logos/footerlogo.png>
Package pdftex.def Info: Theme/Logos/footerlogo.png  used on input line 466.
(pdftex.def)             Requested size: 45.52718pt x 15.62335pt.


File: Theme/Logos/footerlogo.png Graphic file (type png)
<use Theme/Logos/footerlogo.png>
Package pdftex.def Info: Theme/Logos/footerlogo.png  used on input line 466.
(pdftex.def)             Requested size: 45.52718pt x 15.62335pt.
[23

]
File: Theme/Logos/footerlogo.png Graphic file (type png)
<use Theme/Logos/footerlogo.png>
Package pdftex.def Info: Theme/Logos/footerlogo.png  used on input line 485.
(pdftex.def)             Requested size: 45.52718pt x 15.62335pt.


File: Theme/Logos/footerlogo.png Graphic file (type png)
<use Theme/Logos/footerlogo.png>
Package pdftex.def Info: Theme/Logos/footerlogo.png  used on input line 485.
(pdftex.def)             Requested size: 45.52718pt x 15.62335pt.
[24

]
File: Theme/Logos/footerlogo.png Graphic file (type png)
<use Theme/Logos/footerlogo.png>
Package pdftex.def Info: Theme/Logos/footerlogo.png  used on input line 506.
(pdftex.def)             Requested size: 45.52718pt x 15.62335pt.

Overfull \hbox (3.4409pt too wide) detected at line 506
\OML/cmm/m/it/10.95 ^^Q\OMS/cmsy/m/n/10.95 r\OML/cmm/m/it/10.95 L[]\OT1/cmr/m/n
/10.95 (\OML/cmm/m/it/10.95 w[]\OT1/cmr/m/n/10.95 )[](\OML/cmm/m/it/10.95 w \OM
S/cmsy/m/n/10.95 ^^@ \OML/cmm/m/it/10.95 w[]\OT1/cmr/m/n/10.95 ) = \OMS/cmsy/m/
n/10.95 ^^@\OT1/cmr/m/n/10.95 [\OML/cmm/m/it/10.95 L[]\OT1/cmr/m/n/10.95 (\OML/
cmm/m/it/10.95 w[]\OT1/cmr/m/n/10.95 ) \OMS/cmsy/m/n/10.95 ^^@ \OML/cmm/m/it/10
.95 L[]\OT1/cmr/m/n/10.95 (\OML/cmm/m/it/10.95 w[]\OT1/cmr/m/n/10.95 ) \OMS/cms
y/m/n/10.95 ^^@ r\OML/cmm/m/it/10.95 L[]\OT1/cmr/m/n/10.95 (\OML/cmm/m/it/10.95
 w[]\OT1/cmr/m/n/10.95 )[](\OML/cmm/m/it/10.95 w[] \OMS/cmsy/m/n/10.95 ^^@ \OML
/cmm/m/it/10.95 w[]\OT1/cmr/m/n/10.95 )] \OMS/cmsy/m/n/10.95 ^^@ \OML/cmm/m/it/
10.95 ^^QD[]\OT1/cmr/m/n/10.95 (\OML/cmm/m/it/10.95 w; w[]\OT1/cmr/m/n/10.95 )
 []



File: Theme/Logos/footerlogo.png Graphic file (type png)
<use Theme/Logos/footerlogo.png>
Package pdftex.def Info: Theme/Logos/footerlogo.png  used on input line 506.
(pdftex.def)             Requested size: 45.52718pt x 15.62335pt.
[25

]
File: Theme/Logos/footerlogo.png Graphic file (type png)
<use Theme/Logos/footerlogo.png>
Package pdftex.def Info: Theme/Logos/footerlogo.png  used on input line 523.
(pdftex.def)             Requested size: 45.52718pt x 15.62335pt.


File: Theme/Logos/footerlogo.png Graphic file (type png)
<use Theme/Logos/footerlogo.png>
Package pdftex.def Info: Theme/Logos/footerlogo.png  used on input line 523.
(pdftex.def)             Requested size: 45.52718pt x 15.62335pt.
[26

]
File: Theme/Logos/footerlogo.png Graphic file (type png)
<use Theme/Logos/footerlogo.png>
Package pdftex.def Info: Theme/Logos/footerlogo.png  used on input line 539.
(pdftex.def)             Requested size: 45.52718pt x 15.62335pt.


File: Theme/Logos/footerlogo.png Graphic file (type png)
<use Theme/Logos/footerlogo.png>
Package pdftex.def Info: Theme/Logos/footerlogo.png  used on input line 539.
(pdftex.def)             Requested size: 45.52718pt x 15.62335pt.
[27

]
File: Theme/Logos/footerlogo.png Graphic file (type png)
<use Theme/Logos/footerlogo.png>
Package pdftex.def Info: Theme/Logos/footerlogo.png  used on input line 560.
(pdftex.def)             Requested size: 45.52718pt x 15.62335pt.


File: Theme/Logos/footerlogo.png Graphic file (type png)
<use Theme/Logos/footerlogo.png>
Package pdftex.def Info: Theme/Logos/footerlogo.png  used on input line 560.
(pdftex.def)             Requested size: 45.52718pt x 15.62335pt.
[28

]
File: Theme/Logos/footerlogo.png Graphic file (type png)
<use Theme/Logos/footerlogo.png>
Package pdftex.def Info: Theme/Logos/footerlogo.png  used on input line 576.
(pdftex.def)             Requested size: 45.52718pt x 15.62335pt.


[29

]
File: Theme/Logos/footerlogo.png Graphic file (type png)
<use Theme/Logos/footerlogo.png>
Package pdftex.def Info: Theme/Logos/footerlogo.png  used on input line 593.
(pdftex.def)             Requested size: 45.52718pt x 15.62335pt.


File: Theme/Logos/footerlogo.png Graphic file (type png)
<use Theme/Logos/footerlogo.png>
Package pdftex.def Info: Theme/Logos/footerlogo.png  used on input line 593.
(pdftex.def)             Requested size: 45.52718pt x 15.62335pt.
[30

]
File: Theme/Logos/footerlogo.png Graphic file (type png)
<use Theme/Logos/footerlogo.png>
Package pdftex.def Info: Theme/Logos/footerlogo.png  used on input line 611.
(pdftex.def)             Requested size: 45.52718pt x 15.62335pt.


File: Theme/Logos/footerlogo.png Graphic file (type png)
<use Theme/Logos/footerlogo.png>
Package pdftex.def Info: Theme/Logos/footerlogo.png  used on input line 611.
(pdftex.def)             Requested size: 45.52718pt x 15.62335pt.
[31

]
File: Theme/Logos/footerlogo.png Graphic file (type png)
<use Theme/Logos/footerlogo.png>
Package pdftex.def Info: Theme/Logos/footerlogo.png  used on input line 620.
(pdftex.def)             Requested size: 45.52718pt x 15.62335pt.
<images/L1vsL10.png, id=277, 871.00406pt x 483.30562pt>
File: images/L1vsL10.png Graphic file (type png)
<use images/L1vsL10.png>
Package pdftex.def Info: images/L1vsL10.png  used on input line 620.
(pdftex.def)             Requested size: 378.42044pt x 209.97813pt.

Overfull \vbox (1.80438pt too high) detected at line 620
 []



File: Theme/Logos/footerlogo.png Graphic file (type png)
<use Theme/Logos/footerlogo.png>
Package pdftex.def Info: Theme/Logos/footerlogo.png  used on input line 620.
(pdftex.def)             Requested size: 45.52718pt x 15.62335pt.
[32

 <./images/L1vsL10.png>]
File: Theme/Logos/footerlogo.png Graphic file (type png)
<use Theme/Logos/footerlogo.png>
Package pdftex.def Info: Theme/Logos/footerlogo.png  used on input line 629.
(pdftex.def)             Requested size: 45.52718pt x 15.62335pt.
File: images/L1vsL10.png Graphic file (type png)
<use images/L1vsL10.png>
Package pdftex.def Info: images/L1vsL10.png  used on input line 629.
(pdftex.def)             Requested size: 378.42044pt x 209.97813pt.

Overfull \vbox (15.40439pt too high) detected at line 629
 []



File: Theme/Logos/footerlogo.png Graphic file (type png)
<use Theme/Logos/footerlogo.png>
Package pdftex.def Info: Theme/Logos/footerlogo.png  used on input line 629.
(pdftex.def)             Requested size: 45.52718pt x 15.62335pt.
[33

]
File: Theme/Logos/footerlogo.png Graphic file (type png)
<use Theme/Logos/footerlogo.png>
Package pdftex.def Info: Theme/Logos/footerlogo.png  used on input line 638.
(pdftex.def)             Requested size: 45.52718pt x 15.62335pt.
<images/sparsitycomp.png, id=289, 908.64468pt x 563.10374pt>
File: images/sparsitycomp.png Graphic file (type png)
<use images/sparsitycomp.png>
Package pdftex.def Info: images/sparsitycomp.png  used on input line 638.
(pdftex.def)             Requested size: 366.47076pt x 227.11061pt.

Overfull \vbox (32.53687pt too high) detected at line 638
 []



File: Theme/Logos/footerlogo.png Graphic file (type png)
<use Theme/Logos/footerlogo.png>
Package pdftex.def Info: Theme/Logos/footerlogo.png  used on input line 638.
(pdftex.def)             Requested size: 45.52718pt x 15.62335pt.
[34

 <./images/sparsitycomp.png>]
File: Theme/Logos/footerlogo.png Graphic file (type png)
<use Theme/Logos/footerlogo.png>
Package pdftex.def Info: Theme/Logos/footerlogo.png  used on input line 655.
(pdftex.def)             Requested size: 45.52718pt x 15.62335pt.


File: Theme/Logos/footerlogo.png Graphic file (type png)
<use Theme/Logos/footerlogo.png>
Package pdftex.def Info: Theme/Logos/footerlogo.png  used on input line 655.
(pdftex.def)             Requested size: 45.52718pt x 15.62335pt.
[35

]
File: Theme/Logos/footerlogo.png Graphic file (type png)
<use Theme/Logos/footerlogo.png>
Package pdftex.def Info: Theme/Logos/footerlogo.png  used on input line 671.
(pdftex.def)             Requested size: 45.52718pt x 15.62335pt.


[36

]
File: Theme/Logos/footerlogo.png Graphic file (type png)
<use Theme/Logos/footerlogo.png>
Package pdftex.def Info: Theme/Logos/footerlogo.png  used on input line 684.
(pdftex.def)             Requested size: 45.52718pt x 15.62335pt.


File: Theme/Logos/footerlogo.png Graphic file (type png)
<use Theme/Logos/footerlogo.png>
Package pdftex.def Info: Theme/Logos/footerlogo.png  used on input line 684.
(pdftex.def)             Requested size: 45.52718pt x 15.62335pt.
[37

]
File: Theme/Logos/footerlogo.png Graphic file (type png)
<use Theme/Logos/footerlogo.png>
Package pdftex.def Info: Theme/Logos/footerlogo.png  used on input line 701.
(pdftex.def)             Requested size: 45.52718pt x 15.62335pt.


File: Theme/Logos/footerlogo.png Graphic file (type png)
<use Theme/Logos/footerlogo.png>
Package pdftex.def Info: Theme/Logos/footerlogo.png  used on input line 701.
(pdftex.def)             Requested size: 45.52718pt x 15.62335pt.
[38

]
File: Theme/Logos/footerlogo.png Graphic file (type png)
<use Theme/Logos/footerlogo.png>
Package pdftex.def Info: Theme/Logos/footerlogo.png  used on input line 715.
(pdftex.def)             Requested size: 45.52718pt x 15.62335pt.


[39

]
\tf@nav=\write6
\openout6 = `Deck.nav'.

\tf@toc=\write7
\openout7 = `Deck.toc'.

\tf@snm=\write8
\openout8 = `Deck.snm'.

 (Deck.aux)
 ***********
LaTeX2e <2025-06-01> patch level 1
L3 programming layer <2025-08-13>
 ***********
Package rerunfilecheck Info: File `Deck.out' has not changed.
(rerunfilecheck)             Checksum: 2E10310583172B5C08C5393E4B1BC8E2;3113.
 ) 
Here is how much of TeX's memory you used:
 33115 strings out of 468133
 654763 string characters out of 5430713
 1192907 words of memory out of 5000000
 60997 multiletter control sequences out of 15000+600000
 639343 words of font info for 88 fonts, out of 8000000 for 9000
 1141 hyphenation exceptions out of 8191
 128i,16n,123p,407b,934s stack positions out of 10000i,1000n,20000p,200000b,200000s
<C:/Users/chait/AppData/Local/Programs/MiKTeX/fonts/type1/public/amsfonts/cm/
cmbx10.pfb><C:/Users/chait/AppData/Local/Programs/MiKTeX/fonts/type1/public/ams
fonts/cm/cmbx12.pfb><C:/Users/chait/AppData/Local/Programs/MiKTeX/fonts/type1/p
ublic/amsfonts/cm/cmbx6.pfb><C:/Users/chait/AppData/Local/Programs/MiKTeX/fonts
/type1/public/amsfonts/cm/cmbx9.pfb><C:/Users/chait/AppData/Local/Programs/MiKT
eX/fonts/type1/public/amsfonts/cm/cmex10.pfb><C:/Users/chait/AppData/Local/Prog
rams/MiKTeX/fonts/type1/public/amsfonts/cm/cmmi10.pfb><C:/Users/chait/AppData/L
ocal/Programs/MiKTeX/fonts/type1/public/amsfonts/cm/cmmi12.pfb><C:/Users/chait/
AppData/Local/Programs/MiKTeX/fonts/type1/public/amsfonts/cm/cmmi6.pfb><C:/User
s/chait/AppData/Local/Programs/MiKTeX/fonts/type1/public/amsfonts/cm/cmmi7.pfb>
<C:/Users/chait/AppData/Local/Programs/MiKTeX/fonts/type1/public/amsfonts/cm/cm
mi8.pfb><C:/Users/chait/AppData/Local/Programs/MiKTeX/fonts/type1/public/amsfon
ts/cm/cmr10.pfb><C:/Users/chait/AppData/Local/Programs/MiKTeX/fonts/type1/publi
c/amsfonts/cm/cmr12.pfb><C:/Users/chait/AppData/Local/Programs/MiKTeX/fonts/typ
e1/public/amsfonts/cm/cmr6.pfb><C:/Users/chait/AppData/Local/Programs/MiKTeX/fo
nts/type1/public/amsfonts/cm/cmr7.pfb><C:/Users/chait/AppData/Local/Programs/Mi
KTeX/fonts/type1/public/amsfonts/cm/cmr8.pfb><C:/Users/chait/AppData/Local/Prog
rams/MiKTeX/fonts/type1/public/amsfonts/cm/cmr9.pfb><C:/Users/chait/AppData/Loc
al/Programs/MiKTeX/fonts/type1/public/amsfonts/cm/cmsy10.pfb><C:/Users/chait/Ap
pData/Local/Programs/MiKTeX/fonts/type1/public/amsfonts/cm/cmsy8.pfb><C:/Users/
chait/AppData/Local/Programs/MiKTeX/fonts/type1/public/amsfonts/cm/cmti10.pfb><
C:/Users/chait/AppData/Local/Programs/MiKTeX/fonts/type1/public/amsfonts/symbol
s/msam10.pfb><C:/Users/chait/AppData/Local/Programs/MiKTeX/fonts/type1/public/a
msfonts/symbols/msbm10.pfb>
Output written on Deck.pdf (39 pages, 829680 bytes).
PDF statistics:
 431 PDF objects out of 1000 (max. 8388607)
 95 named destinations out of 1000 (max. 500000)
 191 words of extra memory for PDF output out of 10000 (max. 10000000)

